{"message":"[Mon Dec 24 2018 11:39:41 GMT-0600 (Central Standard Time)] Executing (default): CREATE TABLE IF NOT EXISTS `Users` (`id` INTEGER PRIMARY KEY AUTOINCREMENT, `name` VARCHAR(255) NOT NULL, `password` VARCHAR(255) NOT NULL, `email` VARCHAR(255) NOT NULL UNIQUE, `createdAt` DATETIME NOT NULL, `updatedAt` DATETIME NOT NULL);","level":"info"}
{"message":"[Mon Dec 24 2018 11:39:41 GMT-0600 (Central Standard Time)] Executing (default): PRAGMA INDEX_LIST(`Users`)","level":"info"}
{"message":"[Mon Dec 24 2018 11:39:41 GMT-0600 (Central Standard Time)] Executing (default): PRAGMA INDEX_INFO(`sqlite_autoindex_Users_1`)","level":"info"}
{"message":"[Mon Dec 24 2018 11:39:41 GMT-0600 (Central Standard Time)] Executing (default): CREATE TABLE IF NOT EXISTS `Tasks` (`id` INTEGER PRIMARY KEY AUTOINCREMENT, `title` VARCHAR(255) NOT NULL, `done` TINYINT(1) NOT NULL DEFAULT 0, `createdAt` DATETIME NOT NULL, `updatedAt` DATETIME NOT NULL, `UserId` INTEGER REFERENCES `Users` (`id`) ON DELETE SET NULL ON UPDATE CASCADE);","level":"info"}
{"message":"[Mon Dec 24 2018 11:39:41 GMT-0600 (Central Standard Time)] Executing (default): PRAGMA INDEX_LIST(`Tasks`)","level":"info"}
{"message":"::1 - - [24/Dec/2018:17:39:51 +0000] \"GET / HTTP/1.1\" 304 -\n","level":"info"}
{"message":"::1 - - [24/Dec/2018:17:39:59 +0000] \"GET /apidoc/ HTTP/1.1\" 304 -\n","level":"info"}
{"message":"::1 - - [24/Dec/2018:17:39:59 +0000] \"GET /apidoc/vendor/bootstrap.min.css HTTP/1.1\" 304 -\n","level":"info"}
{"message":"::1 - - [24/Dec/2018:17:39:59 +0000] \"GET /apidoc/vendor/prettify.css HTTP/1.1\" 304 -\n","level":"info"}
{"message":"::1 - - [24/Dec/2018:17:39:59 +0000] \"GET /apidoc/css/style.css HTTP/1.1\" 304 -\n","level":"info"}
{"message":"::1 - - [24/Dec/2018:17:39:59 +0000] \"GET /apidoc/vendor/polyfill.js HTTP/1.1\" 304 -\n","level":"info"}
{"message":"::1 - - [24/Dec/2018:17:39:59 +0000] \"GET /apidoc/vendor/require.min.js HTTP/1.1\" 304 -\n","level":"info"}
{"message":"::1 - - [24/Dec/2018:17:40:00 +0000] \"GET /apidoc/main.js HTTP/1.1\" 304 -\n","level":"info"}
{"message":"::1 - - [24/Dec/2018:17:40:00 +0000] \"GET /apidoc/vendor/jquery.min.js?v=1545673200051 HTTP/1.1\" 200 85630\n","level":"info"}
{"message":"::1 - - [24/Dec/2018:17:40:00 +0000] \"GET /apidoc/locales/locale.js?v=1545673200051 HTTP/1.1\" 200 1249\n","level":"info"}
{"message":"::1 - - [24/Dec/2018:17:40:00 +0000] \"GET /apidoc/api_project.js?v=1545673200051 HTTP/1.1\" 200 372\n","level":"info"}
{"message":"::1 - - [24/Dec/2018:17:40:00 +0000] \"GET /apidoc/vendor/lodash.custom.min.js?v=1545673200051 HTTP/1.1\" 200 19579\n","level":"info"}
{"message":"::1 - - [24/Dec/2018:17:40:00 +0000] \"GET /apidoc/api_data.js?v=1545673200051 HTTP/1.1\" 200 19837\n","level":"info"}
{"message":"::1 - - [24/Dec/2018:17:40:00 +0000] \"GET /apidoc/utils/send_sample_request.js?v=1545673200051 HTTP/1.1\" 200 6328\n","level":"info"}
{"message":"::1 - - [24/Dec/2018:17:40:00 +0000] \"GET /apidoc/vendor/semver.min.js?v=1545673200051 HTTP/1.1\" 200 12950\n","level":"info"}
{"message":"::1 - - [24/Dec/2018:17:40:00 +0000] \"GET /apidoc/vendor/webfontloader.js?v=1545673200051 HTTP/1.1\" 200 12492\n","level":"info"}
{"message":"::1 - - [24/Dec/2018:17:40:00 +0000] \"GET /apidoc/vendor/path-to-regexp/index.js?v=1545673200051 HTTP/1.1\" 200 5147\n","level":"info"}
{"message":"::1 - - [24/Dec/2018:17:40:00 +0000] \"GET /apidoc/vendor/list.min.js?v=1545673200051 HTTP/1.1\" 200 15952\n","level":"info"}
{"message":"::1 - - [24/Dec/2018:17:40:00 +0000] \"GET /apidoc/vendor/prettify/prettify.js?v=1545673200051 HTTP/1.1\" 200 15261\n","level":"info"}
{"message":"::1 - - [24/Dec/2018:17:40:00 +0000] \"GET /apidoc/locales/ca.js?v=1545673200051 HTTP/1.1\" 200 1225\n","level":"info"}
{"message":"::1 - - [24/Dec/2018:17:40:00 +0000] \"GET /apidoc/locales/cs.js?v=1545673200051 HTTP/1.1\" 200 1246\n","level":"info"}
{"message":"::1 - - [24/Dec/2018:17:40:00 +0000] \"GET /apidoc/locales/de.js?v=1545673200051 HTTP/1.1\" 200 1234\n","level":"info"}
{"message":"::1 - - [24/Dec/2018:17:40:00 +0000] \"GET /apidoc/locales/fr.js?v=1545673200051 HTTP/1.1\" 200 1264\n","level":"info"}
{"message":"::1 - - [24/Dec/2018:17:40:00 +0000] \"GET /apidoc/locales/es.js?v=1545673200051 HTTP/1.1\" 200 1244\n","level":"info"}
{"message":"::1 - - [24/Dec/2018:17:40:00 +0000] \"GET /apidoc/locales/it.js?v=1545673200051 HTTP/1.1\" 200 1249\n","level":"info"}
{"message":"::1 - - [24/Dec/2018:17:40:00 +0000] \"GET /apidoc/locales/nl.js?v=1545673200051 HTTP/1.1\" 200 1241\n","level":"info"}
{"message":"::1 - - [24/Dec/2018:17:40:00 +0000] \"GET /apidoc/locales/pl.js?v=1545673200051 HTTP/1.1\" 200 1226\n","level":"info"}
{"message":"::1 - - [24/Dec/2018:17:40:00 +0000] \"GET /apidoc/locales/pt_br.js?v=1545673200051 HTTP/1.1\" 200 1236\n","level":"info"}
{"message":"::1 - - [24/Dec/2018:17:40:00 +0000] \"GET /apidoc/locales/ro.js?v=1545673200051 HTTP/1.1\" 200 1238\n","level":"info"}
{"message":"::1 - - [24/Dec/2018:17:40:00 +0000] \"GET /apidoc/locales/ru.js?v=1545673200051 HTTP/1.1\" 200 1481\n","level":"info"}
{"message":"::1 - - [24/Dec/2018:17:40:00 +0000] \"GET /apidoc/locales/tr.js?v=1545673200051 HTTP/1.1\" 200 1246\n","level":"info"}
{"message":"::1 - - [24/Dec/2018:17:40:00 +0000] \"GET /apidoc/locales/vi.js?v=1545673200051 HTTP/1.1\" 200 1328\n","level":"info"}
{"message":"::1 - - [24/Dec/2018:17:40:00 +0000] \"GET /apidoc/locales/zh.js?v=1545673200051 HTTP/1.1\" 200 1163\n","level":"info"}
{"message":"::1 - - [24/Dec/2018:17:40:00 +0000] \"GET /apidoc/locales/zh_cn.js?v=1545673200051 HTTP/1.1\" 200 1186\n","level":"info"}
{"message":"::1 - - [24/Dec/2018:17:40:00 +0000] \"GET /apidoc/vendor/bootstrap.min.js?v=1545673200051 HTTP/1.1\" 200 37045\n","level":"info"}
{"message":"::1 - - [24/Dec/2018:17:40:00 +0000] \"GET /apidoc/vendor/handlebars.min.js?v=1545673200051 HTTP/1.1\" 200 72614\n","level":"info"}
{"message":"::1 - - [24/Dec/2018:17:40:00 +0000] \"GET /apidoc/utils/handlebars_helper.js?v=1545673200051 HTTP/1.1\" 200 10277\n","level":"info"}
{"message":"::1 - - [24/Dec/2018:17:40:00 +0000] \"GET /apidoc/vendor/diff_match_patch.min.js?v=1545673200051 HTTP/1.1\" 200 19192\n","level":"info"}
{"message":"[Mon Dec 24 2018 11:56:39 GMT-0600 (Central Standard Time)] Executing (default): CREATE TABLE IF NOT EXISTS `Users` (`id` INTEGER PRIMARY KEY AUTOINCREMENT, `name` VARCHAR(255) NOT NULL, `password` VARCHAR(255) NOT NULL, `email` VARCHAR(255) NOT NULL UNIQUE, `createdAt` DATETIME NOT NULL, `updatedAt` DATETIME NOT NULL);","level":"info"}
{"message":"[Mon Dec 24 2018 11:56:39 GMT-0600 (Central Standard Time)] Executing (default): PRAGMA INDEX_LIST(`Users`)","level":"info"}
{"message":"[Mon Dec 24 2018 11:56:39 GMT-0600 (Central Standard Time)] Executing (default): PRAGMA INDEX_INFO(`sqlite_autoindex_Users_1`)","level":"info"}
{"message":"[Mon Dec 24 2018 11:56:39 GMT-0600 (Central Standard Time)] Executing (default): CREATE TABLE IF NOT EXISTS `Tasks` (`id` INTEGER PRIMARY KEY AUTOINCREMENT, `title` VARCHAR(255) NOT NULL, `done` TINYINT(1) NOT NULL DEFAULT 0, `createdAt` DATETIME NOT NULL, `updatedAt` DATETIME NOT NULL, `UserId` INTEGER REFERENCES `Users` (`id`) ON DELETE SET NULL ON UPDATE CASCADE);","level":"info"}
{"message":"[Mon Dec 24 2018 11:56:39 GMT-0600 (Central Standard Time)] Executing (default): PRAGMA INDEX_LIST(`Tasks`)","level":"info"}
{"message":"[Mon Dec 24 2018 12:08:40 GMT-0600 (Central Standard Time)] Executing (default): CREATE TABLE IF NOT EXISTS `Users` (`id` INTEGER PRIMARY KEY AUTOINCREMENT, `name` VARCHAR(255) NOT NULL, `password` VARCHAR(255) NOT NULL, `email` VARCHAR(255) NOT NULL UNIQUE, `createdAt` DATETIME NOT NULL, `updatedAt` DATETIME NOT NULL);","level":"info"}
{"message":"[Mon Dec 24 2018 12:08:40 GMT-0600 (Central Standard Time)] Executing (default): PRAGMA INDEX_LIST(`Users`)","level":"info"}
{"message":"[Mon Dec 24 2018 12:08:40 GMT-0600 (Central Standard Time)] Executing (default): PRAGMA INDEX_INFO(`sqlite_autoindex_Users_1`)","level":"info"}
{"message":"[Mon Dec 24 2018 12:08:40 GMT-0600 (Central Standard Time)] Executing (default): CREATE TABLE IF NOT EXISTS `Tasks` (`id` INTEGER PRIMARY KEY AUTOINCREMENT, `title` VARCHAR(255) NOT NULL, `done` TINYINT(1) NOT NULL DEFAULT 0, `createdAt` DATETIME NOT NULL, `updatedAt` DATETIME NOT NULL, `UserId` INTEGER REFERENCES `Users` (`id`) ON DELETE SET NULL ON UPDATE CASCADE);","level":"info"}
{"message":"[Mon Dec 24 2018 12:08:40 GMT-0600 (Central Standard Time)] Executing (default): PRAGMA INDEX_LIST(`Tasks`)","level":"info"}
{"message":"::1 - - [24/Dec/2018:18:08:57 +0000] \"GET / HTTP/1.1\" 304 -\n","level":"info"}
{"message":"::1 - - [24/Dec/2018:18:09:04 +0000] \"GET /apidoc/ HTTP/1.1\" 304 -\n","level":"info"}
{"message":"::1 - - [24/Dec/2018:18:09:04 +0000] \"GET /apidoc/vendor/bootstrap.min.css HTTP/1.1\" 304 -\n","level":"info"}
{"message":"::1 - - [24/Dec/2018:18:09:04 +0000] \"GET /apidoc/vendor/prettify.css HTTP/1.1\" 304 -\n","level":"info"}
{"message":"::1 - - [24/Dec/2018:18:09:04 +0000] \"GET /apidoc/vendor/polyfill.js HTTP/1.1\" 304 -\n","level":"info"}
{"message":"::1 - - [24/Dec/2018:18:09:04 +0000] \"GET /apidoc/vendor/require.min.js HTTP/1.1\" 304 -\n","level":"info"}
{"message":"::1 - - [24/Dec/2018:18:09:04 +0000] \"GET /apidoc/css/style.css HTTP/1.1\" 304 -\n","level":"info"}
{"message":"::1 - - [24/Dec/2018:18:09:05 +0000] \"GET /apidoc/main.js HTTP/1.1\" 304 -\n","level":"info"}
{"message":"::1 - - [24/Dec/2018:18:09:05 +0000] \"GET /apidoc/api_project.js?v=1545674945056 HTTP/1.1\" 200 372\n","level":"info"}
{"message":"::1 - - [24/Dec/2018:18:09:05 +0000] \"GET /apidoc/vendor/lodash.custom.min.js?v=1545674945056 HTTP/1.1\" 200 -\n","level":"info"}
{"message":"::1 - - [24/Dec/2018:18:09:05 +0000] \"GET /apidoc/api_data.js?v=1545674945056 HTTP/1.1\" 200 -\n","level":"info"}
{"message":"::1 - - [24/Dec/2018:18:09:05 +0000] \"GET /apidoc/locales/locale.js?v=1545674945056 HTTP/1.1\" 200 -\n","level":"info"}
{"message":"::1 - - [24/Dec/2018:18:09:05 +0000] \"GET /apidoc/utils/send_sample_request.js?v=1545674945056 HTTP/1.1\" 200 -\n","level":"info"}
{"message":"::1 - - [24/Dec/2018:18:09:05 +0000] \"GET /apidoc/vendor/jquery.min.js?v=1545674945056 HTTP/1.1\" 200 -\n","level":"info"}
{"message":"::1 - - [24/Dec/2018:18:09:05 +0000] \"GET /apidoc/vendor/semver.min.js?v=1545674945056 HTTP/1.1\" 200 -\n","level":"info"}
{"message":"::1 - - [24/Dec/2018:18:09:05 +0000] \"GET /apidoc/vendor/webfontloader.js?v=1545674945056 HTTP/1.1\" 200 -\n","level":"info"}
{"message":"::1 - - [24/Dec/2018:18:09:05 +0000] \"GET /apidoc/vendor/path-to-regexp/index.js?v=1545674945056 HTTP/1.1\" 200 -\n","level":"info"}
{"message":"::1 - - [24/Dec/2018:18:09:05 +0000] \"GET /apidoc/vendor/list.min.js?v=1545674945056 HTTP/1.1\" 200 -\n","level":"info"}
{"message":"::1 - - [24/Dec/2018:18:09:05 +0000] \"GET /apidoc/vendor/prettify/prettify.js?v=1545674945056 HTTP/1.1\" 200 -\n","level":"info"}
{"message":"::1 - - [24/Dec/2018:18:09:05 +0000] \"GET /apidoc/vendor/handlebars.min.js?v=1545674945056 HTTP/1.1\" 200 -\n","level":"info"}
{"message":"::1 - - [24/Dec/2018:18:09:05 +0000] \"GET /apidoc/locales/ca.js?v=1545674945056 HTTP/1.1\" 200 -\n","level":"info"}
{"message":"::1 - - [24/Dec/2018:18:09:05 +0000] \"GET /apidoc/locales/cs.js?v=1545674945056 HTTP/1.1\" 200 -\n","level":"info"}
{"message":"::1 - - [24/Dec/2018:18:09:05 +0000] \"GET /apidoc/locales/de.js?v=1545674945056 HTTP/1.1\" 200 -\n","level":"info"}
{"message":"::1 - - [24/Dec/2018:18:09:05 +0000] \"GET /apidoc/locales/es.js?v=1545674945056 HTTP/1.1\" 200 -\n","level":"info"}
{"message":"::1 - - [24/Dec/2018:18:09:05 +0000] \"GET /apidoc/locales/fr.js?v=1545674945056 HTTP/1.1\" 200 -\n","level":"info"}
{"message":"::1 - - [24/Dec/2018:18:09:05 +0000] \"GET /apidoc/locales/it.js?v=1545674945056 HTTP/1.1\" 200 -\n","level":"info"}
{"message":"::1 - - [24/Dec/2018:18:09:05 +0000] \"GET /apidoc/locales/nl.js?v=1545674945056 HTTP/1.1\" 200 -\n","level":"info"}
{"message":"::1 - - [24/Dec/2018:18:09:05 +0000] \"GET /apidoc/locales/pl.js?v=1545674945056 HTTP/1.1\" 200 -\n","level":"info"}
{"message":"::1 - - [24/Dec/2018:18:09:05 +0000] \"GET /apidoc/locales/pt_br.js?v=1545674945056 HTTP/1.1\" 200 -\n","level":"info"}
{"message":"::1 - - [24/Dec/2018:18:09:05 +0000] \"GET /apidoc/locales/ru.js?v=1545674945056 HTTP/1.1\" 200 -\n","level":"info"}
{"message":"::1 - - [24/Dec/2018:18:09:05 +0000] \"GET /apidoc/locales/ro.js?v=1545674945056 HTTP/1.1\" 200 -\n","level":"info"}
{"message":"::1 - - [24/Dec/2018:18:09:05 +0000] \"GET /apidoc/locales/tr.js?v=1545674945056 HTTP/1.1\" 200 -\n","level":"info"}
{"message":"::1 - - [24/Dec/2018:18:09:05 +0000] \"GET /apidoc/locales/vi.js?v=1545674945056 HTTP/1.1\" 200 -\n","level":"info"}
{"message":"::1 - - [24/Dec/2018:18:09:05 +0000] \"GET /apidoc/locales/zh_cn.js?v=1545674945056 HTTP/1.1\" 200 -\n","level":"info"}
{"message":"::1 - - [24/Dec/2018:18:09:05 +0000] \"GET /apidoc/locales/zh.js?v=1545674945056 HTTP/1.1\" 200 -\n","level":"info"}
{"message":"::1 - - [24/Dec/2018:18:09:05 +0000] \"GET /apidoc/vendor/bootstrap.min.js?v=1545674945056 HTTP/1.1\" 200 -\n","level":"info"}
{"message":"::1 - - [24/Dec/2018:18:09:05 +0000] \"GET /apidoc/utils/handlebars_helper.js?v=1545674945056 HTTP/1.1\" 200 -\n","level":"info"}
{"message":"::1 - - [24/Dec/2018:18:09:05 +0000] \"GET /apidoc/vendor/diff_match_patch.min.js?v=1545674945056 HTTP/1.1\" 200 -\n","level":"info"}
{"message":"::1 - - [24/Dec/2018:18:09:29 +0000] \"GET /apidoc/vendor/bootstrap.min.css HTTP/1.1\" 304 -\n","level":"info"}
{"message":"::1 - - [24/Dec/2018:18:09:29 +0000] \"GET /apidoc/vendor/prettify.css HTTP/1.1\" 304 -\n","level":"info"}
{"message":"::1 - - [24/Dec/2018:18:09:29 +0000] \"GET /apidoc/css/style.css HTTP/1.1\" 304 -\n","level":"info"}
{"message":"::1 - - [24/Dec/2018:18:09:29 +0000] \"GET /apidoc/vendor/bootstrap.min.css.map HTTP/1.1\" 404 174\n","level":"info"}
{"message":"::1 - - [24/Dec/2018:18:10:46 +0000] \"GET /apidoc/ HTTP/1.1\" 304 -\n","level":"info"}
{"message":"::1 - - [24/Dec/2018:18:10:46 +0000] \"GET /apidoc/vendor/bootstrap.min.css HTTP/1.1\" 304 -\n","level":"info"}
{"message":"::1 - - [24/Dec/2018:18:10:46 +0000] \"GET /apidoc/vendor/prettify.css HTTP/1.1\" 304 -\n","level":"info"}
{"message":"::1 - - [24/Dec/2018:18:10:46 +0000] \"GET /apidoc/css/style.css HTTP/1.1\" 304 -\n","level":"info"}
{"message":"::1 - - [24/Dec/2018:18:10:46 +0000] \"GET /apidoc/vendor/polyfill.js HTTP/1.1\" 304 -\n","level":"info"}
{"message":"::1 - - [24/Dec/2018:18:10:46 +0000] \"GET /apidoc/vendor/require.min.js HTTP/1.1\" 304 -\n","level":"info"}
{"message":"::1 - - [24/Dec/2018:18:10:46 +0000] \"GET /apidoc/main.js HTTP/1.1\" 304 -\n","level":"info"}
{"message":"::1 - - [24/Dec/2018:18:10:46 +0000] \"GET /apidoc/img/favicon.ico HTTP/1.1\" 200 894\n","level":"info"}
{"message":"::1 - - [24/Dec/2018:18:10:46 +0000] \"GET /apidoc/vendor/bootstrap.min.css.map HTTP/1.1\" 404 174\n","level":"info"}
{"message":"::1 - - [24/Dec/2018:18:10:46 +0000] \"GET /apidoc/api_project.js?v=1545675046612 HTTP/1.1\" 200 372\n","level":"info"}
{"message":"::1 - - [24/Dec/2018:18:10:46 +0000] \"GET /apidoc/vendor/lodash.custom.min.js?v=1545675046612 HTTP/1.1\" 200 -\n","level":"info"}
{"message":"::1 - - [24/Dec/2018:18:10:46 +0000] \"GET /apidoc/locales/locale.js?v=1545675046612 HTTP/1.1\" 200 -\n","level":"info"}
{"message":"::1 - - [24/Dec/2018:18:10:46 +0000] \"GET /apidoc/api_data.js?v=1545675046612 HTTP/1.1\" 200 -\n","level":"info"}
{"message":"::1 - - [24/Dec/2018:18:10:46 +0000] \"GET /apidoc/utils/send_sample_request.js?v=1545675046612 HTTP/1.1\" 200 -\n","level":"info"}
{"message":"::1 - - [24/Dec/2018:18:10:46 +0000] \"GET /apidoc/vendor/jquery.min.js?v=1545675046612 HTTP/1.1\" 200 -\n","level":"info"}
{"message":"::1 - - [24/Dec/2018:18:10:46 +0000] \"GET /apidoc/vendor/semver.min.js?v=1545675046612 HTTP/1.1\" 200 -\n","level":"info"}
{"message":"::1 - - [24/Dec/2018:18:10:46 +0000] \"GET /apidoc/vendor/webfontloader.js?v=1545675046612 HTTP/1.1\" 200 -\n","level":"info"}
{"message":"::1 - - [24/Dec/2018:18:10:46 +0000] \"GET /apidoc/vendor/path-to-regexp/index.js?v=1545675046612 HTTP/1.1\" 200 -\n","level":"info"}
{"message":"::1 - - [24/Dec/2018:18:10:46 +0000] \"GET /apidoc/vendor/list.min.js?v=1545675046612 HTTP/1.1\" 200 -\n","level":"info"}
{"message":"::1 - - [24/Dec/2018:18:10:46 +0000] \"GET /apidoc/vendor/prettify/prettify.js?v=1545675046612 HTTP/1.1\" 200 -\n","level":"info"}
{"message":"::1 - - [24/Dec/2018:18:10:46 +0000] \"GET /apidoc/locales/ca.js?v=1545675046612 HTTP/1.1\" 200 -\n","level":"info"}
{"message":"::1 - - [24/Dec/2018:18:10:46 +0000] \"GET /apidoc/locales/cs.js?v=1545675046612 HTTP/1.1\" 200 -\n","level":"info"}
{"message":"::1 - - [24/Dec/2018:18:10:46 +0000] \"GET /apidoc/locales/de.js?v=1545675046612 HTTP/1.1\" 200 -\n","level":"info"}
{"message":"::1 - - [24/Dec/2018:18:10:46 +0000] \"GET /apidoc/locales/es.js?v=1545675046612 HTTP/1.1\" 200 -\n","level":"info"}
{"message":"::1 - - [24/Dec/2018:18:10:46 +0000] \"GET /apidoc/locales/fr.js?v=1545675046612 HTTP/1.1\" 200 -\n","level":"info"}
{"message":"::1 - - [24/Dec/2018:18:10:46 +0000] \"GET /apidoc/locales/it.js?v=1545675046612 HTTP/1.1\" 200 -\n","level":"info"}
{"message":"::1 - - [24/Dec/2018:18:10:46 +0000] \"GET /apidoc/locales/nl.js?v=1545675046612 HTTP/1.1\" 200 -\n","level":"info"}
{"message":"::1 - - [24/Dec/2018:18:10:46 +0000] \"GET /apidoc/locales/pl.js?v=1545675046612 HTTP/1.1\" 200 -\n","level":"info"}
{"message":"::1 - - [24/Dec/2018:18:10:46 +0000] \"GET /apidoc/locales/pt_br.js?v=1545675046612 HTTP/1.1\" 200 -\n","level":"info"}
{"message":"::1 - - [24/Dec/2018:18:10:46 +0000] \"GET /apidoc/locales/ro.js?v=1545675046612 HTTP/1.1\" 200 -\n","level":"info"}
{"message":"::1 - - [24/Dec/2018:18:10:46 +0000] \"GET /apidoc/locales/ru.js?v=1545675046612 HTTP/1.1\" 200 -\n","level":"info"}
{"message":"::1 - - [24/Dec/2018:18:10:46 +0000] \"GET /apidoc/locales/tr.js?v=1545675046612 HTTP/1.1\" 200 -\n","level":"info"}
{"message":"::1 - - [24/Dec/2018:18:10:46 +0000] \"GET /apidoc/locales/vi.js?v=1545675046612 HTTP/1.1\" 200 -\n","level":"info"}
{"message":"::1 - - [24/Dec/2018:18:10:46 +0000] \"GET /apidoc/locales/zh.js?v=1545675046612 HTTP/1.1\" 200 -\n","level":"info"}
{"message":"::1 - - [24/Dec/2018:18:10:46 +0000] \"GET /apidoc/locales/zh_cn.js?v=1545675046612 HTTP/1.1\" 200 -\n","level":"info"}
{"message":"::1 - - [24/Dec/2018:18:10:46 +0000] \"GET /apidoc/vendor/bootstrap.min.js?v=1545675046612 HTTP/1.1\" 200 -\n","level":"info"}
{"message":"::1 - - [24/Dec/2018:18:10:46 +0000] \"GET /apidoc/vendor/handlebars.min.js?v=1545675046612 HTTP/1.1\" 200 -\n","level":"info"}
{"message":"::1 - - [24/Dec/2018:18:10:46 +0000] \"GET /apidoc/utils/handlebars_helper.js?v=1545675046612 HTTP/1.1\" 200 -\n","level":"info"}
{"message":"::1 - - [24/Dec/2018:18:10:46 +0000] \"GET /apidoc/vendor/diff_match_patch.min.js?v=1545675046612 HTTP/1.1\" 200 -\n","level":"info"}
{"message":"[Mon Dec 24 2018 12:24:42 GMT-0600 (Central Standard Time)] Executing (default): CREATE TABLE IF NOT EXISTS `Users` (`id` INTEGER PRIMARY KEY AUTOINCREMENT, `name` VARCHAR(255) NOT NULL, `password` VARCHAR(255) NOT NULL, `email` VARCHAR(255) NOT NULL UNIQUE, `createdAt` DATETIME NOT NULL, `updatedAt` DATETIME NOT NULL);","level":"info"}
{"message":"[Mon Dec 24 2018 12:24:42 GMT-0600 (Central Standard Time)] Executing (default): PRAGMA INDEX_LIST(`Users`)","level":"info"}
{"message":"[Mon Dec 24 2018 12:24:42 GMT-0600 (Central Standard Time)] Executing (default): PRAGMA INDEX_INFO(`sqlite_autoindex_Users_1`)","level":"info"}
{"message":"[Mon Dec 24 2018 12:24:42 GMT-0600 (Central Standard Time)] Executing (default): CREATE TABLE IF NOT EXISTS `Tasks` (`id` INTEGER PRIMARY KEY AUTOINCREMENT, `title` VARCHAR(255) NOT NULL, `done` TINYINT(1) NOT NULL DEFAULT 0, `createdAt` DATETIME NOT NULL, `updatedAt` DATETIME NOT NULL, `UserId` INTEGER REFERENCES `Users` (`id`) ON DELETE SET NULL ON UPDATE CASCADE);","level":"info"}
{"message":"[Mon Dec 24 2018 12:24:42 GMT-0600 (Central Standard Time)] Executing (default): PRAGMA INDEX_LIST(`Tasks`)","level":"info"}
{"message":"::1 - - [24/Dec/2018:18:25:32 +0000] \"GET /apidoc/ HTTP/1.1\" 200 -\n","level":"info"}
{"message":"::1 - - [24/Dec/2018:18:25:32 +0000] \"GET /apidoc/css/style.css HTTP/1.1\" 200 -\n","level":"info"}
{"message":"::1 - - [24/Dec/2018:18:25:32 +0000] \"GET /apidoc/vendor/require.min.js HTTP/1.1\" 200 -\n","level":"info"}
{"message":"::1 - - [24/Dec/2018:18:25:32 +0000] \"GET /apidoc/vendor/bootstrap.min.css HTTP/1.1\" 200 -\n","level":"info"}
{"message":"::1 - - [24/Dec/2018:18:25:32 +0000] \"GET /apidoc/vendor/prettify.css HTTP/1.1\" 200 -\n","level":"info"}
{"message":"::1 - - [24/Dec/2018:18:25:32 +0000] \"GET /apidoc/vendor/polyfill.js HTTP/1.1\" 200 -\n","level":"info"}
{"message":"::1 - - [24/Dec/2018:18:25:32 +0000] \"GET /apidoc/vendor/bootstrap.min.css.map HTTP/1.1\" 404 174\n","level":"info"}
{"message":"::1 - - [24/Dec/2018:18:25:32 +0000] \"GET /apidoc/img/favicon.ico HTTP/1.1\" 200 894\n","level":"info"}
{"message":"::1 - - [24/Dec/2018:18:25:32 +0000] \"GET /apidoc/main.js HTTP/1.1\" 200 -\n","level":"info"}
{"message":"::1 - - [24/Dec/2018:18:25:32 +0000] \"GET /apidoc/api_project.js?v=1545675932610 HTTP/1.1\" 200 372\n","level":"info"}
{"message":"::1 - - [24/Dec/2018:18:25:32 +0000] \"GET /apidoc/locales/locale.js?v=1545675932610 HTTP/1.1\" 200 -\n","level":"info"}
{"message":"::1 - - [24/Dec/2018:18:25:32 +0000] \"GET /apidoc/vendor/lodash.custom.min.js?v=1545675932610 HTTP/1.1\" 200 -\n","level":"info"}
{"message":"::1 - - [24/Dec/2018:18:25:32 +0000] \"GET /apidoc/api_data.js?v=1545675932610 HTTP/1.1\" 200 -\n","level":"info"}
{"message":"::1 - - [24/Dec/2018:18:25:32 +0000] \"GET /apidoc/vendor/jquery.min.js?v=1545675932610 HTTP/1.1\" 200 -\n","level":"info"}
{"message":"::1 - - [24/Dec/2018:18:25:32 +0000] \"GET /apidoc/utils/send_sample_request.js?v=1545675932610 HTTP/1.1\" 200 -\n","level":"info"}
{"message":"::1 - - [24/Dec/2018:18:25:32 +0000] \"GET /apidoc/vendor/semver.min.js?v=1545675932610 HTTP/1.1\" 200 -\n","level":"info"}
{"message":"::1 - - [24/Dec/2018:18:25:32 +0000] \"GET /apidoc/vendor/path-to-regexp/index.js?v=1545675932610 HTTP/1.1\" 200 -\n","level":"info"}
{"message":"::1 - - [24/Dec/2018:18:25:32 +0000] \"GET /apidoc/vendor/webfontloader.js?v=1545675932610 HTTP/1.1\" 200 -\n","level":"info"}
{"message":"::1 - - [24/Dec/2018:18:25:32 +0000] \"GET /apidoc/vendor/list.min.js?v=1545675932610 HTTP/1.1\" 200 -\n","level":"info"}
{"message":"::1 - - [24/Dec/2018:18:25:32 +0000] \"GET /apidoc/vendor/prettify/prettify.js?v=1545675932610 HTTP/1.1\" 200 -\n","level":"info"}
{"message":"::1 - - [24/Dec/2018:18:25:32 +0000] \"GET /apidoc/locales/ca.js?v=1545675932610 HTTP/1.1\" 200 -\n","level":"info"}
{"message":"::1 - - [24/Dec/2018:18:25:32 +0000] \"GET /apidoc/locales/cs.js?v=1545675932610 HTTP/1.1\" 200 -\n","level":"info"}
{"message":"::1 - - [24/Dec/2018:18:25:32 +0000] \"GET /apidoc/locales/de.js?v=1545675932610 HTTP/1.1\" 200 -\n","level":"info"}
{"message":"::1 - - [24/Dec/2018:18:25:32 +0000] \"GET /apidoc/locales/es.js?v=1545675932610 HTTP/1.1\" 200 -\n","level":"info"}
{"message":"::1 - - [24/Dec/2018:18:25:32 +0000] \"GET /apidoc/locales/fr.js?v=1545675932610 HTTP/1.1\" 200 -\n","level":"info"}
{"message":"::1 - - [24/Dec/2018:18:25:32 +0000] \"GET /apidoc/locales/it.js?v=1545675932610 HTTP/1.1\" 200 -\n","level":"info"}
{"message":"::1 - - [24/Dec/2018:18:25:32 +0000] \"GET /apidoc/locales/nl.js?v=1545675932610 HTTP/1.1\" 200 -\n","level":"info"}
{"message":"::1 - - [24/Dec/2018:18:25:32 +0000] \"GET /apidoc/locales/pl.js?v=1545675932610 HTTP/1.1\" 200 -\n","level":"info"}
{"message":"::1 - - [24/Dec/2018:18:25:32 +0000] \"GET /apidoc/locales/pt_br.js?v=1545675932610 HTTP/1.1\" 200 -\n","level":"info"}
{"message":"::1 - - [24/Dec/2018:18:25:32 +0000] \"GET /apidoc/locales/ro.js?v=1545675932610 HTTP/1.1\" 200 -\n","level":"info"}
{"message":"::1 - - [24/Dec/2018:18:25:32 +0000] \"GET /apidoc/locales/ru.js?v=1545675932610 HTTP/1.1\" 200 -\n","level":"info"}
{"message":"::1 - - [24/Dec/2018:18:25:32 +0000] \"GET /apidoc/locales/zh.js?v=1545675932610 HTTP/1.1\" 200 -\n","level":"info"}
{"message":"::1 - - [24/Dec/2018:18:25:32 +0000] \"GET /apidoc/locales/vi.js?v=1545675932610 HTTP/1.1\" 200 -\n","level":"info"}
{"message":"::1 - - [24/Dec/2018:18:25:32 +0000] \"GET /apidoc/locales/tr.js?v=1545675932610 HTTP/1.1\" 200 -\n","level":"info"}
{"message":"::1 - - [24/Dec/2018:18:25:32 +0000] \"GET /apidoc/locales/zh_cn.js?v=1545675932610 HTTP/1.1\" 200 -\n","level":"info"}
{"message":"::1 - - [24/Dec/2018:18:25:32 +0000] \"GET /apidoc/vendor/bootstrap.min.js?v=1545675932610 HTTP/1.1\" 200 -\n","level":"info"}
{"message":"::1 - - [24/Dec/2018:18:25:32 +0000] \"GET /apidoc/vendor/handlebars.min.js?v=1545675932610 HTTP/1.1\" 200 -\n","level":"info"}
{"message":"::1 - - [24/Dec/2018:18:25:32 +0000] \"GET /apidoc/utils/handlebars_helper.js?v=1545675932610 HTTP/1.1\" 200 -\n","level":"info"}
{"message":"::1 - - [24/Dec/2018:18:25:32 +0000] \"GET /apidoc/vendor/diff_match_patch.min.js?v=1545675932610 HTTP/1.1\" 200 -\n","level":"info"}
{"message":"[Mon Dec 24 2018 12:32:31 GMT-0600 (Central Standard Time)] Executing (default): CREATE TABLE IF NOT EXISTS `Users` (`id` INTEGER PRIMARY KEY AUTOINCREMENT, `name` VARCHAR(255) NOT NULL, `password` VARCHAR(255) NOT NULL, `email` VARCHAR(255) NOT NULL UNIQUE, `createdAt` DATETIME NOT NULL, `updatedAt` DATETIME NOT NULL);","level":"info"}
{"message":"[Mon Dec 24 2018 12:32:31 GMT-0600 (Central Standard Time)] Executing (default): PRAGMA INDEX_LIST(`Users`)","level":"info"}
{"message":"[Mon Dec 24 2018 12:32:31 GMT-0600 (Central Standard Time)] Executing (default): PRAGMA INDEX_INFO(`sqlite_autoindex_Users_1`)","level":"info"}
{"message":"[Mon Dec 24 2018 12:32:31 GMT-0600 (Central Standard Time)] Executing (default): CREATE TABLE IF NOT EXISTS `Tasks` (`id` INTEGER PRIMARY KEY AUTOINCREMENT, `title` VARCHAR(255) NOT NULL, `done` TINYINT(1) NOT NULL DEFAULT 0, `createdAt` DATETIME NOT NULL, `updatedAt` DATETIME NOT NULL, `UserId` INTEGER REFERENCES `Users` (`id`) ON DELETE SET NULL ON UPDATE CASCADE);","level":"info"}
{"message":"[Mon Dec 24 2018 12:32:31 GMT-0600 (Central Standard Time)] Executing (default): PRAGMA INDEX_LIST(`Tasks`)","level":"info"}
{"message":"::1 - - [24/Dec/2018:18:32:39 +0000] \"GET /apidoc/ HTTP/1.1\" 200 -\n","level":"info"}
{"message":"::1 - - [24/Dec/2018:18:32:39 +0000] \"GET /apidoc/vendor/require.min.js HTTP/1.1\" 304 -\n","level":"info"}
{"message":"::1 - - [24/Dec/2018:18:32:39 +0000] \"GET /apidoc/vendor/polyfill.js HTTP/1.1\" 304 -\n","level":"info"}
{"message":"::1 - - [24/Dec/2018:18:32:39 +0000] \"GET /apidoc/vendor/bootstrap.min.css HTTP/1.1\" 200 -\n","level":"info"}
{"message":"::1 - - [24/Dec/2018:18:32:39 +0000] \"GET /apidoc/css/style.css HTTP/1.1\" 200 -\n","level":"info"}
{"message":"::1 - - [24/Dec/2018:18:32:39 +0000] \"GET /apidoc/vendor/prettify.css HTTP/1.1\" 200 -\n","level":"info"}
{"message":"::1 - - [24/Dec/2018:18:32:39 +0000] \"GET /apidoc/img/favicon.ico HTTP/1.1\" 200 894\n","level":"info"}
{"message":"::1 - - [24/Dec/2018:18:32:39 +0000] \"GET /apidoc/main.js HTTP/1.1\" 200 -\n","level":"info"}
{"message":"::1 - - [24/Dec/2018:18:32:39 +0000] \"GET /apidoc/locales/locale.js?v=1545676359790 HTTP/1.1\" 200 -\n","level":"info"}
{"message":"::1 - - [24/Dec/2018:18:32:39 +0000] \"GET /apidoc/vendor/lodash.custom.min.js?v=1545676359790 HTTP/1.1\" 200 -\n","level":"info"}
{"message":"::1 - - [24/Dec/2018:18:32:39 +0000] \"GET /apidoc/vendor/jquery.min.js?v=1545676359790 HTTP/1.1\" 200 -\n","level":"info"}
{"message":"::1 - - [24/Dec/2018:18:32:39 +0000] \"GET /apidoc/api_project.js?v=1545676359790 HTTP/1.1\" 200 372\n","level":"info"}
{"message":"::1 - - [24/Dec/2018:18:32:39 +0000] \"GET /apidoc/api_data.js?v=1545676359790 HTTP/1.1\" 200 -\n","level":"info"}
{"message":"::1 - - [24/Dec/2018:18:32:39 +0000] \"GET /apidoc/utils/send_sample_request.js?v=1545676359790 HTTP/1.1\" 200 -\n","level":"info"}
{"message":"::1 - - [24/Dec/2018:18:32:39 +0000] \"GET /apidoc/vendor/webfontloader.js?v=1545676359790 HTTP/1.1\" 200 -\n","level":"info"}
{"message":"::1 - - [24/Dec/2018:18:32:39 +0000] \"GET /apidoc/vendor/semver.min.js?v=1545676359790 HTTP/1.1\" 200 -\n","level":"info"}
{"message":"::1 - - [24/Dec/2018:18:32:39 +0000] \"GET /apidoc/vendor/path-to-regexp/index.js?v=1545676359790 HTTP/1.1\" 200 -\n","level":"info"}
{"message":"::1 - - [24/Dec/2018:18:32:39 +0000] \"GET /apidoc/vendor/list.min.js?v=1545676359790 HTTP/1.1\" 200 -\n","level":"info"}
{"message":"::1 - - [24/Dec/2018:18:32:39 +0000] \"GET /apidoc/vendor/prettify/prettify.js?v=1545676359790 HTTP/1.1\" 200 -\n","level":"info"}
{"message":"::1 - - [24/Dec/2018:18:32:39 +0000] \"GET /apidoc/locales/ca.js?v=1545676359790 HTTP/1.1\" 200 -\n","level":"info"}
{"message":"::1 - - [24/Dec/2018:18:32:39 +0000] \"GET /apidoc/locales/cs.js?v=1545676359790 HTTP/1.1\" 200 -\n","level":"info"}
{"message":"::1 - - [24/Dec/2018:18:32:39 +0000] \"GET /apidoc/locales/es.js?v=1545676359790 HTTP/1.1\" 200 -\n","level":"info"}
{"message":"::1 - - [24/Dec/2018:18:32:39 +0000] \"GET /apidoc/locales/de.js?v=1545676359790 HTTP/1.1\" 200 -\n","level":"info"}
{"message":"::1 - - [24/Dec/2018:18:32:39 +0000] \"GET /apidoc/locales/fr.js?v=1545676359790 HTTP/1.1\" 200 -\n","level":"info"}
{"message":"::1 - - [24/Dec/2018:18:32:39 +0000] \"GET /apidoc/locales/it.js?v=1545676359790 HTTP/1.1\" 200 -\n","level":"info"}
{"message":"::1 - - [24/Dec/2018:18:32:39 +0000] \"GET /apidoc/locales/nl.js?v=1545676359790 HTTP/1.1\" 200 -\n","level":"info"}
{"message":"::1 - - [24/Dec/2018:18:32:39 +0000] \"GET /apidoc/locales/pt_br.js?v=1545676359790 HTTP/1.1\" 200 -\n","level":"info"}
{"message":"::1 - - [24/Dec/2018:18:32:39 +0000] \"GET /apidoc/locales/ro.js?v=1545676359790 HTTP/1.1\" 200 -\n","level":"info"}
{"message":"::1 - - [24/Dec/2018:18:32:39 +0000] \"GET /apidoc/locales/pl.js?v=1545676359790 HTTP/1.1\" 200 -\n","level":"info"}
{"message":"::1 - - [24/Dec/2018:18:32:39 +0000] \"GET /apidoc/locales/tr.js?v=1545676359790 HTTP/1.1\" 200 -\n","level":"info"}
{"message":"::1 - - [24/Dec/2018:18:32:39 +0000] \"GET /apidoc/locales/ru.js?v=1545676359790 HTTP/1.1\" 200 -\n","level":"info"}
{"message":"::1 - - [24/Dec/2018:18:32:39 +0000] \"GET /apidoc/locales/vi.js?v=1545676359790 HTTP/1.1\" 200 -\n","level":"info"}
{"message":"::1 - - [24/Dec/2018:18:32:39 +0000] \"GET /apidoc/locales/zh.js?v=1545676359790 HTTP/1.1\" 200 -\n","level":"info"}
{"message":"::1 - - [24/Dec/2018:18:32:39 +0000] \"GET /apidoc/locales/zh_cn.js?v=1545676359790 HTTP/1.1\" 200 -\n","level":"info"}
{"message":"::1 - - [24/Dec/2018:18:32:39 +0000] \"GET /apidoc/vendor/handlebars.min.js?v=1545676359790 HTTP/1.1\" 200 -\n","level":"info"}
{"message":"::1 - - [24/Dec/2018:18:32:39 +0000] \"GET /apidoc/vendor/bootstrap.min.js?v=1545676359790 HTTP/1.1\" 200 -\n","level":"info"}
{"message":"::1 - - [24/Dec/2018:18:32:39 +0000] \"GET /apidoc/utils/handlebars_helper.js?v=1545676359790 HTTP/1.1\" 200 -\n","level":"info"}
{"message":"::1 - - [24/Dec/2018:18:32:40 +0000] \"GET /apidoc/vendor/diff_match_patch.min.js?v=1545676359790 HTTP/1.1\" 200 -\n","level":"info"}
{"message":"::1 - - [24/Dec/2018:18:32:46 +0000] \"GET / HTTP/1.1\" 200 29\n","level":"info"}
{"message":"::1 - - [24/Dec/2018:18:32:46 +0000] \"GET /favicon.ico HTTP/1.1\" 404 150\n","level":"info"}
{"message":"::1 - - [24/Dec/2018:18:33:10 +0000] \"GET / HTTP/1.1\" 200 29\n","level":"info"}
{"message":"::1 - - [24/Dec/2018:18:34:20 +0000] \"GET /apidoc/ HTTP/1.1\" 200 -\n","level":"info"}
{"message":"::1 - - [24/Dec/2018:18:34:20 +0000] \"GET /apidoc/vendor/bootstrap.min.css HTTP/1.1\" 200 -\n","level":"info"}
{"message":"::1 - - [24/Dec/2018:18:34:20 +0000] \"GET /apidoc/css/style.css HTTP/1.1\" 200 -\n","level":"info"}
{"message":"::1 - - [24/Dec/2018:18:34:20 +0000] \"GET /apidoc/vendor/prettify.css HTTP/1.1\" 200 -\n","level":"info"}
{"message":"::1 - - [24/Dec/2018:18:34:20 +0000] \"GET /apidoc/vendor/require.min.js HTTP/1.1\" 200 -\n","level":"info"}
{"message":"::1 - - [24/Dec/2018:18:34:20 +0000] \"GET /apidoc/vendor/polyfill.js HTTP/1.1\" 200 -\n","level":"info"}
{"message":"::1 - - [24/Dec/2018:18:34:20 +0000] \"GET /apidoc/vendor/bootstrap.min.css.map HTTP/1.1\" 404 174\n","level":"info"}
{"message":"::1 - - [24/Dec/2018:18:34:20 +0000] \"GET /apidoc/main.js HTTP/1.1\" 200 -\n","level":"info"}
{"message":"::1 - - [24/Dec/2018:18:34:20 +0000] \"GET /apidoc/api_project.js?v=1545676460827 HTTP/1.1\" 200 372\n","level":"info"}
{"message":"::1 - - [24/Dec/2018:18:34:20 +0000] \"GET /apidoc/locales/locale.js?v=1545676460827 HTTP/1.1\" 200 -\n","level":"info"}
{"message":"::1 - - [24/Dec/2018:18:34:20 +0000] \"GET /apidoc/vendor/lodash.custom.min.js?v=1545676460827 HTTP/1.1\" 200 -\n","level":"info"}
{"message":"::1 - - [24/Dec/2018:18:34:20 +0000] \"GET /apidoc/api_data.js?v=1545676460827 HTTP/1.1\" 200 -\n","level":"info"}
{"message":"::1 - - [24/Dec/2018:18:34:20 +0000] \"GET /apidoc/vendor/jquery.min.js?v=1545676460827 HTTP/1.1\" 200 -\n","level":"info"}
{"message":"::1 - - [24/Dec/2018:18:34:20 +0000] \"GET /apidoc/utils/send_sample_request.js?v=1545676460827 HTTP/1.1\" 200 -\n","level":"info"}
{"message":"::1 - - [24/Dec/2018:18:34:20 +0000] \"GET /apidoc/vendor/semver.min.js?v=1545676460827 HTTP/1.1\" 200 -\n","level":"info"}
{"message":"::1 - - [24/Dec/2018:18:34:20 +0000] \"GET /apidoc/vendor/webfontloader.js?v=1545676460827 HTTP/1.1\" 200 -\n","level":"info"}
{"message":"::1 - - [24/Dec/2018:18:34:20 +0000] \"GET /apidoc/vendor/path-to-regexp/index.js?v=1545676460827 HTTP/1.1\" 200 -\n","level":"info"}
{"message":"::1 - - [24/Dec/2018:18:34:20 +0000] \"GET /apidoc/vendor/prettify/prettify.js?v=1545676460827 HTTP/1.1\" 200 -\n","level":"info"}
{"message":"::1 - - [24/Dec/2018:18:34:20 +0000] \"GET /apidoc/vendor/list.min.js?v=1545676460827 HTTP/1.1\" 200 -\n","level":"info"}
{"message":"::1 - - [24/Dec/2018:18:34:20 +0000] \"GET /apidoc/vendor/handlebars.min.js?v=1545676460827 HTTP/1.1\" 200 -\n","level":"info"}
{"message":"::1 - - [24/Dec/2018:18:34:20 +0000] \"GET /apidoc/locales/ca.js?v=1545676460827 HTTP/1.1\" 200 -\n","level":"info"}
{"message":"::1 - - [24/Dec/2018:18:34:20 +0000] \"GET /apidoc/locales/cs.js?v=1545676460827 HTTP/1.1\" 200 -\n","level":"info"}
{"message":"::1 - - [24/Dec/2018:18:34:20 +0000] \"GET /apidoc/locales/de.js?v=1545676460827 HTTP/1.1\" 200 -\n","level":"info"}
{"message":"::1 - - [24/Dec/2018:18:34:20 +0000] \"GET /apidoc/locales/es.js?v=1545676460827 HTTP/1.1\" 200 -\n","level":"info"}
{"message":"::1 - - [24/Dec/2018:18:34:20 +0000] \"GET /apidoc/locales/fr.js?v=1545676460827 HTTP/1.1\" 200 -\n","level":"info"}
{"message":"::1 - - [24/Dec/2018:18:34:20 +0000] \"GET /apidoc/locales/it.js?v=1545676460827 HTTP/1.1\" 200 -\n","level":"info"}
{"message":"::1 - - [24/Dec/2018:18:34:20 +0000] \"GET /apidoc/locales/nl.js?v=1545676460827 HTTP/1.1\" 200 -\n","level":"info"}
{"message":"::1 - - [24/Dec/2018:18:34:20 +0000] \"GET /apidoc/locales/pt_br.js?v=1545676460827 HTTP/1.1\" 200 -\n","level":"info"}
{"message":"::1 - - [24/Dec/2018:18:34:20 +0000] \"GET /apidoc/locales/pl.js?v=1545676460827 HTTP/1.1\" 200 -\n","level":"info"}
{"message":"::1 - - [24/Dec/2018:18:34:20 +0000] \"GET /apidoc/locales/ro.js?v=1545676460827 HTTP/1.1\" 200 -\n","level":"info"}
{"message":"::1 - - [24/Dec/2018:18:34:20 +0000] \"GET /apidoc/locales/ru.js?v=1545676460827 HTTP/1.1\" 200 -\n","level":"info"}
{"message":"::1 - - [24/Dec/2018:18:34:20 +0000] \"GET /apidoc/locales/tr.js?v=1545676460827 HTTP/1.1\" 200 -\n","level":"info"}
{"message":"::1 - - [24/Dec/2018:18:34:20 +0000] \"GET /apidoc/locales/vi.js?v=1545676460827 HTTP/1.1\" 200 -\n","level":"info"}
{"message":"::1 - - [24/Dec/2018:18:34:20 +0000] \"GET /apidoc/locales/zh.js?v=1545676460827 HTTP/1.1\" 200 -\n","level":"info"}
{"message":"::1 - - [24/Dec/2018:18:34:20 +0000] \"GET /apidoc/locales/zh_cn.js?v=1545676460827 HTTP/1.1\" 200 -\n","level":"info"}
{"message":"::1 - - [24/Dec/2018:18:34:20 +0000] \"GET /apidoc/vendor/bootstrap.min.js?v=1545676460827 HTTP/1.1\" 200 -\n","level":"info"}
{"message":"::1 - - [24/Dec/2018:18:34:20 +0000] \"GET /apidoc/utils/handlebars_helper.js?v=1545676460827 HTTP/1.1\" 200 -\n","level":"info"}
{"message":"::1 - - [24/Dec/2018:18:34:21 +0000] \"GET /apidoc/vendor/diff_match_patch.min.js?v=1545676460827 HTTP/1.1\" 200 -\n","level":"info"}
{"message":"::1 - - [24/Dec/2018:18:35:49 +0000] \"GET / HTTP/1.1\" 200 29\n","level":"info"}
{"message":"::1 - - [24/Dec/2018:18:35:51 +0000] \"GET /apidoc/ HTTP/1.1\" 200 -\n","level":"info"}
{"message":"::1 - - [24/Dec/2018:18:35:51 +0000] \"GET /apidoc/vendor/bootstrap.min.css HTTP/1.1\" 200 -\n","level":"info"}
{"message":"::1 - - [24/Dec/2018:18:35:51 +0000] \"GET /apidoc/vendor/prettify.css HTTP/1.1\" 200 -\n","level":"info"}
{"message":"::1 - - [24/Dec/2018:18:35:51 +0000] \"GET /apidoc/css/style.css HTTP/1.1\" 200 -\n","level":"info"}
{"message":"::1 - - [24/Dec/2018:18:35:51 +0000] \"GET /apidoc/vendor/bootstrap.min.css.map HTTP/1.1\" 404 174\n","level":"info"}
{"message":"::1 - - [24/Dec/2018:18:35:51 +0000] \"GET /apidoc/vendor/require.min.js HTTP/1.1\" 200 -\n","level":"info"}
{"message":"::1 - - [24/Dec/2018:18:35:51 +0000] \"GET /apidoc/main.js HTTP/1.1\" 200 -\n","level":"info"}
{"message":"::1 - - [24/Dec/2018:18:35:51 +0000] \"GET /apidoc/vendor/lodash.custom.min.js?v=1545676551385 HTTP/1.1\" 200 -\n","level":"info"}
{"message":"::1 - - [24/Dec/2018:18:35:51 +0000] \"GET /apidoc/locales/locale.js?v=1545676551385 HTTP/1.1\" 200 -\n","level":"info"}
{"message":"::1 - - [24/Dec/2018:18:35:51 +0000] \"GET /apidoc/vendor/jquery.min.js?v=1545676551385 HTTP/1.1\" 200 -\n","level":"info"}
{"message":"::1 - - [24/Dec/2018:18:35:51 +0000] \"GET /apidoc/api_data.js?v=1545676551385 HTTP/1.1\" 200 -\n","level":"info"}
{"message":"::1 - - [24/Dec/2018:18:35:51 +0000] \"GET /apidoc/utils/send_sample_request.js?v=1545676551385 HTTP/1.1\" 200 -\n","level":"info"}
{"message":"::1 - - [24/Dec/2018:18:35:51 +0000] \"GET /apidoc/api_project.js?v=1545676551385 HTTP/1.1\" 200 372\n","level":"info"}
{"message":"::1 - - [24/Dec/2018:18:35:51 +0000] \"GET /apidoc/vendor/semver.min.js?v=1545676551385 HTTP/1.1\" 200 -\n","level":"info"}
{"message":"::1 - - [24/Dec/2018:18:35:51 +0000] \"GET /apidoc/vendor/webfontloader.js?v=1545676551385 HTTP/1.1\" 200 -\n","level":"info"}
{"message":"::1 - - [24/Dec/2018:18:35:51 +0000] \"GET /apidoc/vendor/path-to-regexp/index.js?v=1545676551385 HTTP/1.1\" 200 -\n","level":"info"}
{"message":"::1 - - [24/Dec/2018:18:35:51 +0000] \"GET /apidoc/vendor/list.min.js?v=1545676551385 HTTP/1.1\" 200 -\n","level":"info"}
{"message":"::1 - - [24/Dec/2018:18:35:51 +0000] \"GET /apidoc/vendor/prettify/prettify.js?v=1545676551385 HTTP/1.1\" 200 -\n","level":"info"}
{"message":"::1 - - [24/Dec/2018:18:35:51 +0000] \"GET /apidoc/locales/ca.js?v=1545676551385 HTTP/1.1\" 200 -\n","level":"info"}
{"message":"::1 - - [24/Dec/2018:18:35:51 +0000] \"GET /apidoc/locales/de.js?v=1545676551385 HTTP/1.1\" 200 -\n","level":"info"}
{"message":"::1 - - [24/Dec/2018:18:35:51 +0000] \"GET /apidoc/locales/cs.js?v=1545676551385 HTTP/1.1\" 200 -\n","level":"info"}
{"message":"::1 - - [24/Dec/2018:18:35:51 +0000] \"GET /apidoc/locales/es.js?v=1545676551385 HTTP/1.1\" 200 -\n","level":"info"}
{"message":"::1 - - [24/Dec/2018:18:35:51 +0000] \"GET /apidoc/locales/fr.js?v=1545676551385 HTTP/1.1\" 200 -\n","level":"info"}
{"message":"::1 - - [24/Dec/2018:18:35:51 +0000] \"GET /apidoc/locales/it.js?v=1545676551385 HTTP/1.1\" 200 -\n","level":"info"}
{"message":"::1 - - [24/Dec/2018:18:35:51 +0000] \"GET /apidoc/locales/nl.js?v=1545676551385 HTTP/1.1\" 200 -\n","level":"info"}
{"message":"::1 - - [24/Dec/2018:18:35:51 +0000] \"GET /apidoc/locales/ro.js?v=1545676551385 HTTP/1.1\" 200 -\n","level":"info"}
{"message":"::1 - - [24/Dec/2018:18:35:51 +0000] \"GET /apidoc/locales/pl.js?v=1545676551385 HTTP/1.1\" 200 -\n","level":"info"}
{"message":"::1 - - [24/Dec/2018:18:35:51 +0000] \"GET /apidoc/locales/pt_br.js?v=1545676551385 HTTP/1.1\" 200 -\n","level":"info"}
{"message":"::1 - - [24/Dec/2018:18:35:51 +0000] \"GET /apidoc/locales/tr.js?v=1545676551385 HTTP/1.1\" 200 -\n","level":"info"}
{"message":"::1 - - [24/Dec/2018:18:35:51 +0000] \"GET /apidoc/locales/ru.js?v=1545676551385 HTTP/1.1\" 200 -\n","level":"info"}
{"message":"::1 - - [24/Dec/2018:18:35:51 +0000] \"GET /apidoc/locales/vi.js?v=1545676551385 HTTP/1.1\" 200 -\n","level":"info"}
{"message":"::1 - - [24/Dec/2018:18:35:51 +0000] \"GET /apidoc/locales/zh_cn.js?v=1545676551385 HTTP/1.1\" 200 -\n","level":"info"}
{"message":"::1 - - [24/Dec/2018:18:35:51 +0000] \"GET /apidoc/locales/zh.js?v=1545676551385 HTTP/1.1\" 200 -\n","level":"info"}
{"message":"::1 - - [24/Dec/2018:18:35:51 +0000] \"GET /apidoc/vendor/bootstrap.min.js?v=1545676551385 HTTP/1.1\" 200 -\n","level":"info"}
{"message":"::1 - - [24/Dec/2018:18:35:51 +0000] \"GET /apidoc/vendor/handlebars.min.js?v=1545676551385 HTTP/1.1\" 200 -\n","level":"info"}
{"message":"::1 - - [24/Dec/2018:18:35:51 +0000] \"GET /apidoc/utils/handlebars_helper.js?v=1545676551385 HTTP/1.1\" 200 -\n","level":"info"}
{"message":"::1 - - [24/Dec/2018:18:35:51 +0000] \"GET /apidoc/vendor/diff_match_patch.min.js?v=1545676551385 HTTP/1.1\" 200 -\n","level":"info"}
